#
# There is insufficient memory for the Java Runtime Environment to continue.
# Native memory allocation (malloc) failed to allocate 32744 bytes. Error detail: ChunkPool::allocate
# Possible reasons:
#   The system is out of physical RAM or swap space
#   This process is running with CompressedOops enabled, and the Java Heap may be blocking the growth of the native heap
# Possible solutions:
#   Reduce memory load on the system
#   Increase physical memory or swap space
#   Check if swap backing store is full
#   Decrease Java heap size (-Xmx/-Xms)
#   Decrease number of Java threads
#   Decrease Java thread stack sizes (-Xss)
#   Set larger code cache with -XX:ReservedCodeCacheSize=
#   JVM is running with Unscaled Compressed Oops mode in which the Java heap is
#     placed in the first 4GB address space. The Java Heap base address is the
#     maximum limit for the native heap growth. Please use -XX:HeapBaseMinAddress
#     to set the Java Heap base and to place the Java Heap above 4GB virtual address.
# This output file may be truncated or incomplete.
#
#  Out of Memory Error (arena.cpp:79), pid=27828, tid=24592
#
# JRE version: OpenJDK Runtime Environment Temurin-17.0.11+9 (17.0.11+9) (build 17.0.11+9)
# Java VM: OpenJDK 64-Bit Server VM Temurin-17.0.11+9 (17.0.11+9, mixed mode, tiered, compressed oops, compressed class ptrs, parallel gc, windows-amd64)
# No core dump will be written. Minidumps are not enabled by default on client versions of Windows
#

---------------  S U M M A R Y ------------

Command Line: --add-modules=ALL-SYSTEM --add-opens=java.base/java.util=ALL-UNNAMED --add-opens=java.base/java.lang=ALL-UNNAMED --add-opens=java.base/sun.nio.fs=ALL-UNNAMED -Declipse.application=org.eclipse.jdt.ls.core.id1 -Dosgi.bundles.defaultStartLevel=4 -Declipse.product=org.eclipse.jdt.ls.core.product -Djava.import.generatesMetadataFilesAtProjectRoot=false -DDetectVMInstallationsJob.disabled=true -Dfile.encoding=utf8 -XX:+UseParallelGC -XX:GCTimeRatio=4 -XX:AdaptiveSizePolicyWeight=90 -Dsun.zip.disableMemoryMapping=true -Xmx1G -Xms100m -Xlog:disable -javaagent:c:\Users\HP\.vscode\extensions\redhat.java-1.31.0-win32-x64\lombok\lombok-1.18.32.jar -XX:+HeapDumpOnOutOfMemoryError -XX:HeapDumpPath=c:\Users\HP\AppData\Roaming\Code\User\workspaceStorage\6c4af391305f4dcc1adbee4e9be310ea\redhat.java -Daether.dependencyCollector.impl=bf c:\Users\HP\.vscode\extensions\redhat.java-1.31.0-win32-x64\server\plugins\org.eclipse.equinox.launcher_1.6.800.v20240513-1750.jar -configuration c:\Users\HP\AppData\Roaming\Code\User\globalStorage\redhat.java\1.31.0\config_win -data c:\Users\HP\AppData\Roaming\Code\User\workspaceStorage\6c4af391305f4dcc1adbee4e9be310ea\redhat.java\jdt_ws --pipe=\\.\pipe\lsp-d3437532cfc8d4697c2ce6f31977bd5e-sock

Host: Intel(R) Core(TM) i3-1005G1 CPU @ 1.20GHz, 4 cores, 7G,  Windows 11 , 64 bit Build 22621 (10.0.22621.3527)
Time: Thu Jun 20 21:38:48 2024 India Standard Time elapsed time: 46.704591 seconds (0d 0h 0m 46s)

---------------  T H R E A D  ---------------

Current thread (0x00000191e29d7f80):  JavaThread "C1 CompilerThread0" daemon [_thread_in_native, id=24592, stack(0x0000006e52500000,0x0000006e52600000)]


Current CompileTask:
C1:  46704 11235       3       org.eclipse.jdt.internal.compiler.parser.Parser::consumeRule (7943 bytes)

Stack: [0x0000006e52500000,0x0000006e52600000]
Native frames: (J=compiled Java code, j=interpreted, Vv=VM code, C=native code)
V  [jvm.dll+0x67d429]
V  [jvm.dll+0x834b7a]
V  [jvm.dll+0x83663e]
V  [jvm.dll+0x836ca3]
V  [jvm.dll+0x247dbf]
V  [jvm.dll+0xac731]
V  [jvm.dll+0xacb7c]
V  [jvm.dll+0xb9afd]
V  [jvm.dll+0x177f55]
V  [jvm.dll+0x177b9d]
V  [jvm.dll+0x17a429]
V  [jvm.dll+0x17c0c1]
V  [jvm.dll+0x136663]
V  [jvm.dll+0x135f6f]
V  [jvm.dll+0x1361a6]
V  [jvm.dll+0x13563a]
V  [jvm.dll+0x1372f1]
V  [jvm.dll+0x2295cd]
V  [jvm.dll+0x22779c]
V  [jvm.dll+0x7e9d07]
V  [jvm.dll+0x7e410a]
V  [jvm.dll+0x67c315]
C  [ucrtbase.dll+0x29333]
C  [KERNEL32.DLL+0x1257d]
C  [ntdll.dll+0x5aa48]


---------------  P R O C E S S  ---------------

Threads class SMR info:
_java_thread_list=0x00000191e6db1620, length=42, elements={
0x00000191c990e440, 0x00000191dd74b010, 0x00000191dd74d380, 0x00000191e298c090,
0x00000191e298cc50, 0x00000191e298d810, 0x00000191e298e3d0, 0x00000191e298f170,
0x00000191e29d7f80, 0x00000191e29dac50, 0x00000191e2afa0e0, 0x00000191e2c80320,
0x00000191e34fca40, 0x00000191e2e1bd60, 0x00000191e32bc5e0, 0x00000191e37c5fd0,
0x00000191e30a3510, 0x00000191e2ea12b0, 0x00000191e2ea0380, 0x00000191e2ea26f0,
0x00000191e2ea2c00, 0x00000191e2ea3110, 0x00000191e2ea0890, 0x00000191e2ea0da0,
0x00000191e2ea3b30, 0x00000191e2ea17c0, 0x00000191e2ea21e0, 0x00000191e5e0d060,
0x00000191e5e13fc0, 0x00000191e5e0eec0, 0x00000191e5e12670, 0x00000191e5e13ab0,
0x00000191e5e0e4a0, 0x00000191e5e135a0, 0x00000191e5e149e0, 0x00000191e5e0fdf0,
0x00000191e5e10300, 0x00000191e5e10810, 0x00000191e5e10d20, 0x00000191e5e11230,
0x00000191e5e11c50, 0x00000191e5e0f3d0
}

Java Threads: ( => current thread )
  0x00000191c990e440 JavaThread "main" [_thread_blocked, id=19700, stack(0x0000006e51b00000,0x0000006e51c00000)]
  0x00000191dd74b010 JavaThread "Reference Handler" daemon [_thread_blocked, id=32012, stack(0x0000006e51e00000,0x0000006e51f00000)]
  0x00000191dd74d380 JavaThread "Finalizer" daemon [_thread_blocked, id=26888, stack(0x0000006e51f00000,0x0000006e52000000)]
  0x00000191e298c090 JavaThread "Signal Dispatcher" daemon [_thread_blocked, id=30828, stack(0x0000006e52000000,0x0000006e52100000)]
  0x00000191e298cc50 JavaThread "Attach Listener" daemon [_thread_blocked, id=2608, stack(0x0000006e52100000,0x0000006e52200000)]
  0x00000191e298d810 JavaThread "Service Thread" daemon [_thread_blocked, id=19616, stack(0x0000006e52200000,0x0000006e52300000)]
  0x00000191e298e3d0 JavaThread "Monitor Deflation Thread" daemon [_thread_blocked, id=15952, stack(0x0000006e52300000,0x0000006e52400000)]
  0x00000191e298f170 JavaThread "C2 CompilerThread0" daemon [_thread_in_native, id=26708, stack(0x0000006e52400000,0x0000006e52500000)]
=>0x00000191e29d7f80 JavaThread "C1 CompilerThread0" daemon [_thread_in_native, id=24592, stack(0x0000006e52500000,0x0000006e52600000)]
  0x00000191e29dac50 JavaThread "Sweeper thread" daemon [_thread_blocked, id=32892, stack(0x0000006e52600000,0x0000006e52700000)]
  0x00000191e2afa0e0 JavaThread "Common-Cleaner" daemon [_thread_blocked, id=30456, stack(0x0000006e52700000,0x0000006e52800000)]
  0x00000191e2c80320 JavaThread "Notification Thread" daemon [_thread_blocked, id=29804, stack(0x0000006e52800000,0x0000006e52900000)]
  0x00000191e34fca40 JavaThread "Active Thread: Equinox Container: fde3ac24-b125-414a-acb0-20f719664771" [_thread_blocked, id=18980, stack(0x0000006e52d00000,0x0000006e52e00000)]
  0x00000191e2e1bd60 JavaThread "Framework Event Dispatcher: Equinox Container: fde3ac24-b125-414a-acb0-20f719664771" daemon [_thread_blocked, id=4548, stack(0x0000006e52e00000,0x0000006e52f00000)]
  0x00000191e32bc5e0 JavaThread "Start Level: Equinox Container: fde3ac24-b125-414a-acb0-20f719664771" daemon [_thread_blocked, id=9392, stack(0x0000006e52f00000,0x0000006e53000000)]
  0x00000191e37c5fd0 JavaThread "Bundle File Closer" daemon [_thread_blocked, id=12740, stack(0x0000006e53100000,0x0000006e53200000)]
  0x00000191e30a3510 JavaThread "SCR Component Actor" daemon [_thread_blocked, id=23152, stack(0x0000006e53000000,0x0000006e53100000)]
  0x00000191e2ea12b0 JavaThread "Worker-JM" [_thread_blocked, id=24656, stack(0x0000006e53300000,0x0000006e53400000)]
  0x00000191e2ea0380 JavaThread "Worker-0: Initialize workspace" [_thread_blocked, id=30988, stack(0x0000006e53400000,0x0000006e53500000)]
  0x00000191e2ea26f0 JavaThread "Worker-1" [_thread_blocked, id=16192, stack(0x0000006e53500000,0x0000006e53600000)]
  0x00000191e2ea2c00 JavaThread "Worker-2" [_thread_blocked, id=26112, stack(0x0000006e53700000,0x0000006e53800000)]
  0x00000191e2ea3110 JavaThread "Java indexing" daemon [_thread_blocked, id=6020, stack(0x0000006e53800000,0x0000006e53900000)]
  0x00000191e2ea0890 JavaThread "JNA Cleaner" daemon [_thread_blocked, id=32224, stack(0x0000006e53900000,0x0000006e53a00000)]
  0x00000191e2ea0da0 JavaThread "Thread-2" daemon [_thread_in_native, id=20692, stack(0x0000006e53a00000,0x0000006e53b00000)]
  0x00000191e2ea3b30 JavaThread "Thread-3" daemon [_thread_in_native, id=10892, stack(0x0000006e53b00000,0x0000006e53c00000)]
  0x00000191e2ea17c0 JavaThread "Thread-4" daemon [_thread_in_native, id=26648, stack(0x0000006e53c00000,0x0000006e53d00000)]
  0x00000191e2ea21e0 JavaThread "Thread-5" daemon [_thread_in_native, id=24156, stack(0x0000006e53d00000,0x0000006e53e00000)]
  0x00000191e5e0d060 JavaThread "Thread-6" daemon [_thread_in_native, id=29324, stack(0x0000006e53e00000,0x0000006e53f00000)]
  0x00000191e5e13fc0 JavaThread "pool-2-thread-1" [_thread_blocked, id=22768, stack(0x0000006e53f00000,0x0000006e54000000)]
  0x00000191e5e0eec0 JavaThread "WorkspaceEventsHandler" [_thread_blocked, id=20280, stack(0x0000006e54000000,0x0000006e54100000)]
  0x00000191e5e12670 JavaThread "pool-1-thread-1" [_thread_blocked, id=4612, stack(0x0000006e54100000,0x0000006e54200000)]
  0x00000191e5e13ab0 JavaThread "Worker-3" [_thread_blocked, id=33684, stack(0x0000006e54200000,0x0000006e54300000)]
  0x00000191e5e0e4a0 JavaThread "Refresh Thread: Equinox Container: fde3ac24-b125-414a-acb0-20f719664771" daemon [_thread_blocked, id=10820, stack(0x0000006e53600000,0x0000006e53700000)]
  0x00000191e5e135a0 JavaThread "ForkJoinPool.commonPool-worker-1" daemon [_thread_blocked, id=28216, stack(0x0000006e53200000,0x0000006e53300000)]
  0x00000191e5e149e0 JavaThread "ForkJoinPool.commonPool-worker-2" daemon [_thread_in_native, id=32696, stack(0x0000006e54800000,0x0000006e54900000)]
  0x00000191e5e0fdf0 JavaThread "ForkJoinPool.commonPool-worker-3" daemon [_thread_in_Java, id=4492, stack(0x0000006e54900000,0x0000006e54a00000)]
  0x00000191e5e10300 JavaThread "Worker-4" [_thread_blocked, id=29448, stack(0x0000006e54a00000,0x0000006e54b00000)]
  0x00000191e5e10810 JavaThread "Worker-5: Processing JDT Change Events" [_thread_blocked, id=24196, stack(0x0000006e54b00000,0x0000006e54c00000)]
  0x00000191e5e10d20 JavaThread "Worker-6" [_thread_blocked, id=23000, stack(0x0000006e54c00000,0x0000006e54d00000)]
  0x00000191e5e11230 JavaThread "Worker-7" [_thread_blocked, id=30820, stack(0x0000006e54d00000,0x0000006e54e00000)]
  0x00000191e5e11c50 JavaThread "Worker-8" [_thread_blocked, id=23580, stack(0x0000006e54f00000,0x0000006e55000000)]
  0x00000191e5e0f3d0 JavaThread "Cleaner-0" daemon [_thread_blocked, id=31976, stack(0x0000006e54300000,0x0000006e54400000)]

Other Threads:
  0x00000191dd736960 VMThread "VM Thread" [stack: 0x0000006e51d00000,0x0000006e51e00000] [id=18340]
  0x00000191e2c6fe40 WatcherThread [stack: 0x0000006e52900000,0x0000006e52a00000] [id=22848]
  0x00000191c9922400 GCTaskThread "GC Thread#0" [stack: 0x0000006e51c00000,0x0000006e51d00000] [id=32456]
  0x00000191e31bb7d0 GCTaskThread "GC Thread#1" [stack: 0x0000006e52a00000,0x0000006e52b00000] [id=30160]
  0x00000191e31bba90 GCTaskThread "GC Thread#2" [stack: 0x0000006e52b00000,0x0000006e52c00000] [id=26056]
  0x00000191e31bbd50 GCTaskThread "GC Thread#3" [stack: 0x0000006e52c00000,0x0000006e52d00000] [id=27196]

Threads with active compile tasks:
C2 CompilerThread0    46762 11242       4       org.eclipse.jdt.internal.compiler.util.CharDelegateMap::put (44 bytes)
C1 CompilerThread0    46763 11235       3       org.eclipse.jdt.internal.compiler.parser.Parser::consumeRule (7943 bytes)

VM state: not at safepoint (normal execution)

VM Mutex/Monitor currently owned by a thread: None

Heap address: 0x00000000c0000000, size: 1024 MB, Compressed Oops mode: 32-bit

CDS archive(s) not mapped
Compressed class space mapped at: 0x0000000100000000-0x0000000140000000, reserved size: 1073741824
Narrow klass base: 0x0000000000000000, Narrow klass shift: 3, Narrow klass range: 0x140000000

GC Precious Log:
 CPUs: 4 total, 4 available
 Memory: 7879M
 Large Page Support: Disabled
 NUMA Support: Disabled
 Compressed Oops: Enabled (32-bit)
 Alignments: Space 512K, Generation 512K, Heap 2M
 Heap Min Capacity: 100M
 Heap Initial Capacity: 100M
 Heap Max Capacity: 1G
 Pre-touch: Disabled
 Parallel Workers: 4

Heap:
 PSYoungGen      total 43008K, used 31242K [0x00000000eab00000, 0x00000000f0e80000, 0x0000000100000000)
  eden space 19456K, 39% used [0x00000000eab00000,0x00000000eb286958,0x00000000ebe00000)
  from space 23552K, 99% used [0x00000000ee080000,0x00000000ef77beb0,0x00000000ef780000)
  to   space 35328K, 0% used [0x00000000ebe00000,0x00000000ebe00000,0x00000000ee080000)
 ParOldGen       total 342016K, used 305174K [0x00000000c0000000, 0x00000000d4e00000, 0x00000000eab00000)
  object space 342016K, 89% used [0x00000000c0000000,0x00000000d2a05bb8,0x00000000d4e00000)
 Metaspace       used 77315K, committed 78720K, reserved 1179648K
  class space    used 8242K, committed 8832K, reserved 1048576K

Card table byte_map: [0x00000191c9290000,0x00000191c94a0000] _byte_map_base: 0x00000191c8c90000

Marking Bits: (ParMarkBitMap*) 0x00007ff92a6bd820
 Begin Bits: [0x00000191db590000, 0x00000191dc590000)
 End Bits:   [0x00000191dc590000, 0x00000191dd590000)

Polling page: 0x00000191c7840000

Metaspace:

Usage:
  Non-class:     67.45 MB used.
      Class:      8.05 MB used.
       Both:     75.50 MB used.

Virtual space:
  Non-class space:      128.00 MB reserved,      68.25 MB ( 53%) committed,  2 nodes.
      Class space:        1.00 GB reserved,       8.62 MB ( <1%) committed,  1 nodes.
             Both:        1.12 GB reserved,      76.88 MB (  7%) committed. 

Chunk freelists:
   Non-Class:  11.61 MB
       Class:  7.40 MB
        Both:  19.01 MB

MaxMetaspaceSize: unlimited
CompressedClassSpaceSize: 1.00 GB
Initial GC threshold: 21.00 MB
Current GC threshold: 126.06 MB
CDS: off
MetaspaceReclaimPolicy: balanced
 - commit_granule_bytes: 65536.
 - commit_granule_words: 8192.
 - virtual_space_node_default_size: 8388608.
 - enlarge_chunks_in_place: 1.
 - new_chunks_are_fully_committed: 0.
 - uncommit_free_chunks: 1.
 - use_allocation_guard: 0.
 - handle_deallocations: 1.


Internal statistics:

num_allocs_failed_limit: 9.
num_arena_births: 958.
num_arena_deaths: 18.
num_vsnodes_births: 3.
num_vsnodes_deaths: 0.
num_space_committed: 1229.
num_space_uncommitted: 0.
num_chunks_returned_to_freelist: 31.
num_chunks_taken_from_freelist: 4094.
num_chunk_merges: 12.
num_chunk_splits: 2508.
num_chunks_enlarged: 1406.
num_inconsistent_stats: 0.

CodeHeap 'non-profiled nmethods': size=120000Kb used=6742Kb max_used=6768Kb free=113257Kb
 bounds [0x00000191d4060000, 0x00000191d4700000, 0x00000191db590000]
CodeHeap 'profiled nmethods': size=120000Kb used=19706Kb max_used=20280Kb free=100293Kb
 bounds [0x00000191cc590000, 0x00000191cd960000, 0x00000191d3ac0000]
CodeHeap 'non-nmethods': size=5760Kb used=1431Kb max_used=1455Kb free=4328Kb
 bounds [0x00000191d3ac0000, 0x00000191d3d30000, 0x00000191d4060000]
 total_blobs=10033 nmethods=9257 adapters=687
 compilation: enabled
              stopped_count=0, restarted_count=0
 full_count=0

Compilation events (20 events):
Event: 46.635 Thread 0x00000191e298f170 11222       4       org.eclipse.jdt.internal.compiler.impl.CompilerOptions::versionToJdkLevel (6 bytes)
Event: 46.657 Thread 0x00000191e29d7f80 11232       3       org.eclipse.jdt.internal.core.search.matching.JavaSearchNameEnvironment::indexPackageNames (117 bytes)
Event: 46.658 Thread 0x00000191e29d7f80 nmethod 11232 0x00000191cc79f310 code [0x00000191cc79f580, 0x00000191cc7a0128]
Event: 46.659 Thread 0x00000191e298f170 nmethod 11222 0x00000191d45e7290 code [0x00000191d45e74a0, 0x00000191d45e8220]
Event: 46.659 Thread 0x00000191e298f170 11230       4       org.eclipse.jdt.internal.core.JavaProject::getResolvedClasspath (49 bytes)
Event: 46.671 Thread 0x00000191e298f170 nmethod 11230 0x00000191d45e5e90 code [0x00000191d45e6080, 0x00000191d45e6b50]
Event: 46.671 Thread 0x00000191e298f170 11221   !   4       jdk.internal.reflect.GeneratedMethodAccessor11::invoke (52 bytes)
Event: 46.673 Thread 0x00000191e298f170 nmethod 11221 0x00000191d452e290 code [0x00000191d452e420, 0x00000191d452e6a8]
Event: 46.674 Thread 0x00000191e298f170 11215       4       org.eclipse.jdt.internal.core.JavaElement::getElementInfo (27 bytes)
Event: 46.674 Thread 0x00000191e29d7f80 11234       3       java.lang.StringLatin1::indexOf (36 bytes)
Event: 46.674 Thread 0x00000191e29d7f80 nmethod 11234 0x00000191cc79ed10 code [0x00000191cc79eee0, 0x00000191cc79f1e8]
Event: 46.677 Thread 0x00000191e29d7f80 11235       3       org.eclipse.jdt.internal.compiler.parser.Parser::consumeRule (7943 bytes)
Event: 46.682 Thread 0x00000191e298f170 nmethod 11215 0x00000191d45e5290 code [0x00000191d45e5460, 0x00000191d45e5890]
Event: 46.682 Thread 0x00000191e298f170 11233       4       org.eclipse.jdt.internal.core.JavaElement::getElementInfo (18 bytes)
Event: 46.688 Thread 0x00000191e298f170 nmethod 11233 0x00000191d45e4a10 code [0x00000191d45e4c00, 0x00000191d45e4ee0]
Event: 46.688 Thread 0x00000191e298f170 11231       4       java.util.LinkedHashMap::afterNodeAccess (116 bytes)
Event: 46.690 Thread 0x00000191e298f170 nmethod 11231 0x00000191d45e4610 code [0x00000191d45e4780, 0x00000191d45e48f8]
Event: 46.690 Thread 0x00000191e298f170 11239       4       org.eclipse.jdt.internal.compiler.lookup.Binding::<init> (5 bytes)
Event: 46.691 Thread 0x00000191e298f170 nmethod 11239 0x00000191d45e4310 code [0x00000191d45e4480, 0x00000191d45e44f8]
Event: 46.691 Thread 0x00000191e298f170 11242       4       org.eclipse.jdt.internal.compiler.util.CharDelegateMap::put (44 bytes)

GC Heap History (20 events):
Event: 45.033 GC heap before
{Heap before GC invocations=184 (full 11):
 PSYoungGen      total 43008K, used 43007K [0x00000000eab00000, 0x00000000ee880000, 0x0000000100000000)
  eden space 32256K, 100% used [0x00000000eab00000,0x00000000eca80000,0x00000000eca80000)
  from space 10752K, 99% used [0x00000000ecb80000,0x00000000ed5ffe50,0x00000000ed600000)
  to   space 15360K, 0% used [0x00000000ed980000,0x00000000ed980000,0x00000000ee880000)
 ParOldGen       total 285696K, used 247312K [0x00000000c0000000, 0x00000000d1700000, 0x00000000eab00000)
  object space 285696K, 86% used [0x00000000c0000000,0x00000000cf1840f8,0x00000000d1700000)
 Metaspace       used 74091K, committed 75392K, reserved 1179648K
  class space    used 7807K, committed 8384K, reserved 1048576K
}
Event: 45.053 GC heap after
{Heap after GC invocations=184 (full 11):
 PSYoungGen      total 46592K, used 11723K [0x00000000eab00000, 0x00000000ee580000, 0x0000000100000000)
  eden space 34304K, 0% used [0x00000000eab00000,0x00000000eab00000,0x00000000ecc80000)
  from space 12288K, 95% used [0x00000000ed980000,0x00000000ee4f2dc0,0x00000000ee580000)
  to   space 12800K, 0% used [0x00000000ecc80000,0x00000000ecc80000,0x00000000ed900000)
 ParOldGen       total 285696K, used 253059K [0x00000000c0000000, 0x00000000d1700000, 0x00000000eab00000)
  object space 285696K, 88% used [0x00000000c0000000,0x00000000cf720c78,0x00000000d1700000)
 Metaspace       used 74091K, committed 75392K, reserved 1179648K
  class space    used 7807K, committed 8384K, reserved 1048576K
}
Event: 45.222 GC heap before
{Heap before GC invocations=185 (full 11):
 PSYoungGen      total 46592K, used 46027K [0x00000000eab00000, 0x00000000ee580000, 0x0000000100000000)
  eden space 34304K, 100% used [0x00000000eab00000,0x00000000ecc80000,0x00000000ecc80000)
  from space 12288K, 95% used [0x00000000ed980000,0x00000000ee4f2dc0,0x00000000ee580000)
  to   space 12800K, 0% used [0x00000000ecc80000,0x00000000ecc80000,0x00000000ed900000)
 ParOldGen       total 285696K, used 253059K [0x00000000c0000000, 0x00000000d1700000, 0x00000000eab00000)
  object space 285696K, 88% used [0x00000000c0000000,0x00000000cf720c78,0x00000000d1700000)
 Metaspace       used 74271K, committed 75584K, reserved 1179648K
  class space    used 7828K, committed 8384K, reserved 1048576K
}
Event: 45.235 GC heap after
{Heap after GC invocations=185 (full 11):
 PSYoungGen      total 47104K, used 12787K [0x00000000eab00000, 0x00000000ee580000, 0x0000000100000000)
  eden space 34304K, 0% used [0x00000000eab00000,0x00000000eab00000,0x00000000ecc80000)
  from space 12800K, 99% used [0x00000000ecc80000,0x00000000ed8fcc40,0x00000000ed900000)
  to   space 12288K, 0% used [0x00000000ed980000,0x00000000ed980000,0x00000000ee580000)
 ParOldGen       total 285696K, used 259148K [0x00000000c0000000, 0x00000000d1700000, 0x00000000eab00000)
  object space 285696K, 90% used [0x00000000c0000000,0x00000000cfd13258,0x00000000d1700000)
 Metaspace       used 74271K, committed 75584K, reserved 1179648K
  class space    used 7828K, committed 8384K, reserved 1048576K
}
Event: 45.436 GC heap before
{Heap before GC invocations=186 (full 11):
 PSYoungGen      total 47104K, used 47091K [0x00000000eab00000, 0x00000000ee580000, 0x0000000100000000)
  eden space 34304K, 100% used [0x00000000eab00000,0x00000000ecc80000,0x00000000ecc80000)
  from space 12800K, 99% used [0x00000000ecc80000,0x00000000ed8fcc40,0x00000000ed900000)
  to   space 12288K, 0% used [0x00000000ed980000,0x00000000ed980000,0x00000000ee580000)
 ParOldGen       total 285696K, used 259148K [0x00000000c0000000, 0x00000000d1700000, 0x00000000eab00000)
  object space 285696K, 90% used [0x00000000c0000000,0x00000000cfd13258,0x00000000d1700000)
 Metaspace       used 74880K, committed 76224K, reserved 1179648K
  class space    used 7896K, committed 8448K, reserved 1048576K
}
Event: 45.448 GC heap after
{Heap after GC invocations=186 (full 11):
 PSYoungGen      total 45568K, used 11186K [0x00000000eab00000, 0x00000000eeb00000, 0x0000000100000000)
  eden space 33280K, 0% used [0x00000000eab00000,0x00000000eab00000,0x00000000ecb80000)
  from space 12288K, 91% used [0x00000000ed980000,0x00000000ee46cb90,0x00000000ee580000)
  to   space 14336K, 0% used [0x00000000ecb80000,0x00000000ecb80000,0x00000000ed980000)
 ParOldGen       total 285696K, used 267121K [0x00000000c0000000, 0x00000000d1700000, 0x00000000eab00000)
  object space 285696K, 93% used [0x00000000c0000000,0x00000000d04dc690,0x00000000d1700000)
 Metaspace       used 74880K, committed 76224K, reserved 1179648K
  class space    used 7896K, committed 8448K, reserved 1048576K
}
Event: 45.591 GC heap before
{Heap before GC invocations=187 (full 11):
 PSYoungGen      total 45568K, used 44466K [0x00000000eab00000, 0x00000000eeb00000, 0x0000000100000000)
  eden space 33280K, 100% used [0x00000000eab00000,0x00000000ecb80000,0x00000000ecb80000)
  from space 12288K, 91% used [0x00000000ed980000,0x00000000ee46cb90,0x00000000ee580000)
  to   space 14336K, 0% used [0x00000000ecb80000,0x00000000ecb80000,0x00000000ed980000)
 ParOldGen       total 285696K, used 267121K [0x00000000c0000000, 0x00000000d1700000, 0x00000000eab00000)
  object space 285696K, 93% used [0x00000000c0000000,0x00000000d04dc690,0x00000000d1700000)
 Metaspace       used 75909K, committed 77184K, reserved 1179648K
  class space    used 8066K, committed 8576K, reserved 1048576K
}
Event: 45.602 GC heap after
{Heap after GC invocations=187 (full 11):
 PSYoungGen      total 47616K, used 14305K [0x00000000eab00000, 0x00000000ef180000, 0x0000000100000000)
  eden space 33280K, 0% used [0x00000000eab00000,0x00000000eab00000,0x00000000ecb80000)
  from space 14336K, 99% used [0x00000000ecb80000,0x00000000ed978570,0x00000000ed980000)
  to   space 18432K, 0% used [0x00000000edf80000,0x00000000edf80000,0x00000000ef180000)
 ParOldGen       total 285696K, used 269945K [0x00000000c0000000, 0x00000000d1700000, 0x00000000eab00000)
  object space 285696K, 94% used [0x00000000c0000000,0x00000000d079e440,0x00000000d1700000)
 Metaspace       used 75909K, committed 77184K, reserved 1179648K
  class space    used 8066K, committed 8576K, reserved 1048576K
}
Event: 45.755 GC heap before
{Heap before GC invocations=188 (full 11):
 PSYoungGen      total 47616K, used 47585K [0x00000000eab00000, 0x00000000ef180000, 0x0000000100000000)
  eden space 33280K, 100% used [0x00000000eab00000,0x00000000ecb80000,0x00000000ecb80000)
  from space 14336K, 99% used [0x00000000ecb80000,0x00000000ed978570,0x00000000ed980000)
  to   space 18432K, 0% used [0x00000000edf80000,0x00000000edf80000,0x00000000ef180000)
 ParOldGen       total 285696K, used 269945K [0x00000000c0000000, 0x00000000d1700000, 0x00000000eab00000)
  object space 285696K, 94% used [0x00000000c0000000,0x00000000d079e440,0x00000000d1700000)
 Metaspace       used 76093K, committed 77440K, reserved 1179648K
  class space    used 8082K, committed 8640K, reserved 1048576K
}
Event: 45.770 GC heap after
{Heap after GC invocations=188 (full 11):
 PSYoungGen      total 47616K, used 12133K [0x00000000eab00000, 0x00000000eeb80000, 0x0000000100000000)
  eden space 35328K, 0% used [0x00000000eab00000,0x00000000eab00000,0x00000000ecd80000)
  from space 12288K, 98% used [0x00000000edf80000,0x00000000eeb59590,0x00000000eeb80000)
  to   space 14336K, 0% used [0x00000000ecf80000,0x00000000ecf80000,0x00000000edd80000)
 ParOldGen       total 285696K, used 278698K [0x00000000c0000000, 0x00000000d1700000, 0x00000000eab00000)
  object space 285696K, 97% used [0x00000000c0000000,0x00000000d102a858,0x00000000d1700000)
 Metaspace       used 76093K, committed 77440K, reserved 1179648K
  class space    used 8082K, committed 8640K, reserved 1048576K
}
Event: 45.770 GC heap before
{Heap before GC invocations=189 (full 12):
 PSYoungGen      total 47616K, used 12133K [0x00000000eab00000, 0x00000000eeb80000, 0x0000000100000000)
  eden space 35328K, 0% used [0x00000000eab00000,0x00000000eab00000,0x00000000ecd80000)
  from space 12288K, 98% used [0x00000000edf80000,0x00000000eeb59590,0x00000000eeb80000)
  to   space 14336K, 0% used [0x00000000ecf80000,0x00000000ecf80000,0x00000000edd80000)
 ParOldGen       total 285696K, used 278698K [0x00000000c0000000, 0x00000000d1700000, 0x00000000eab00000)
  object space 285696K, 97% used [0x00000000c0000000,0x00000000d102a858,0x00000000d1700000)
 Metaspace       used 76093K, committed 77440K, reserved 1179648K
  class space    used 8082K, committed 8640K, reserved 1048576K
}
Event: 46.094 GC heap after
{Heap after GC invocations=189 (full 12):
 PSYoungGen      total 50176K, used 2807K [0x00000000eab00000, 0x00000000eec00000, 0x0000000100000000)
  eden space 37888K, 0% used [0x00000000eab00000,0x00000000eab00000,0x00000000ed000000)
  from space 12288K, 22% used [0x00000000edf80000,0x00000000ee23de88,0x00000000eeb80000)
  to   space 14336K, 0% used [0x00000000ed000000,0x00000000ed000000,0x00000000ede00000)
 ParOldGen       total 342016K, used 285507K [0x00000000c0000000, 0x00000000d4e00000, 0x00000000eab00000)
  object space 342016K, 83% used [0x00000000c0000000,0x00000000d16d0ed0,0x00000000d4e00000)
 Metaspace       used 76093K, committed 77440K, reserved 1179648K
  class space    used 8082K, committed 8640K, reserved 1048576K
}
Event: 46.248 GC heap before
{Heap before GC invocations=190 (full 12):
 PSYoungGen      total 50176K, used 40695K [0x00000000eab00000, 0x00000000eec00000, 0x0000000100000000)
  eden space 37888K, 99% used [0x00000000eab00000,0x00000000ecfffff0,0x00000000ed000000)
  from space 12288K, 22% used [0x00000000edf80000,0x00000000ee23de88,0x00000000eeb80000)
  to   space 14336K, 0% used [0x00000000ed000000,0x00000000ed000000,0x00000000ede00000)
 ParOldGen       total 342016K, used 285507K [0x00000000c0000000, 0x00000000d4e00000, 0x00000000eab00000)
  object space 342016K, 83% used [0x00000000c0000000,0x00000000d16d0ed0,0x00000000d4e00000)
 Metaspace       used 76735K, committed 78080K, reserved 1179648K
  class space    used 8164K, committed 8768K, reserved 1048576K
}
Event: 46.281 GC heap after
{Heap after GC invocations=190 (full 12):
 PSYoungGen      total 52224K, used 11542K [0x00000000eab00000, 0x00000000eea80000, 0x0000000100000000)
  eden space 37888K, 0% used [0x00000000eab00000,0x00000000eab00000,0x00000000ed000000)
  from space 14336K, 80% used [0x00000000ed000000,0x00000000edb45900,0x00000000ede00000)
  to   space 12288K, 0% used [0x00000000ede80000,0x00000000ede80000,0x00000000eea80000)
 ParOldGen       total 342016K, used 285515K [0x00000000c0000000, 0x00000000d4e00000, 0x00000000eab00000)
  object space 342016K, 83% used [0x00000000c0000000,0x00000000d16d2ed0,0x00000000d4e00000)
 Metaspace       used 76735K, committed 78080K, reserved 1179648K
  class space    used 8164K, committed 8768K, reserved 1048576K
}
Event: 46.405 GC heap before
{Heap before GC invocations=191 (full 12):
 PSYoungGen      total 52224K, used 49430K [0x00000000eab00000, 0x00000000eea80000, 0x0000000100000000)
  eden space 37888K, 100% used [0x00000000eab00000,0x00000000ed000000,0x00000000ed000000)
  from space 14336K, 80% used [0x00000000ed000000,0x00000000edb45900,0x00000000ede00000)
  to   space 12288K, 0% used [0x00000000ede80000,0x00000000ede80000,0x00000000eea80000)
 ParOldGen       total 342016K, used 285515K [0x00000000c0000000, 0x00000000d4e00000, 0x00000000eab00000)
  object space 342016K, 83% used [0x00000000c0000000,0x00000000d16d2ed0,0x00000000d4e00000)
 Metaspace       used 76735K, committed 78080K, reserved 1179648K
  class space    used 8164K, committed 8768K, reserved 1048576K
}
Event: 46.418 GC heap after
{Heap after GC invocations=191 (full 12):
 PSYoungGen      total 40960K, used 12276K [0x00000000eab00000, 0x00000000f0180000, 0x0000000100000000)
  eden space 28672K, 0% used [0x00000000eab00000,0x00000000eab00000,0x00000000ec700000)
  from space 12288K, 99% used [0x00000000ede80000,0x00000000eea7d350,0x00000000eea80000)
  to   space 24064K, 0% used [0x00000000ec700000,0x00000000ec700000,0x00000000ede80000)
 ParOldGen       total 342016K, used 295299K [0x00000000c0000000, 0x00000000d4e00000, 0x00000000eab00000)
  object space 342016K, 86% used [0x00000000c0000000,0x00000000d2060f10,0x00000000d4e00000)
 Metaspace       used 76735K, committed 78080K, reserved 1179648K
  class space    used 8164K, committed 8768K, reserved 1048576K
}
Event: 46.463 GC heap before
{Heap before GC invocations=192 (full 12):
 PSYoungGen      total 40960K, used 40948K [0x00000000eab00000, 0x00000000f0180000, 0x0000000100000000)
  eden space 28672K, 100% used [0x00000000eab00000,0x00000000ec700000,0x00000000ec700000)
  from space 12288K, 99% used [0x00000000ede80000,0x00000000eea7d350,0x00000000eea80000)
  to   space 24064K, 0% used [0x00000000ec700000,0x00000000ec700000,0x00000000ede80000)
 ParOldGen       total 342016K, used 295299K [0x00000000c0000000, 0x00000000d4e00000, 0x00000000eab00000)
  object space 342016K, 86% used [0x00000000c0000000,0x00000000d2060f10,0x00000000d4e00000)
 Metaspace       used 76735K, committed 78080K, reserved 1179648K
  class space    used 8164K, committed 8768K, reserved 1048576K
}
Event: 46.473 GC heap after
{Heap after GC invocations=192 (full 12):
 PSYoungGen      total 52736K, used 22753K [0x00000000eab00000, 0x00000000ef780000, 0x0000000100000000)
  eden space 28672K, 0% used [0x00000000eab00000,0x00000000eab00000,0x00000000ec700000)
  from space 24064K, 94% used [0x00000000ec700000,0x00000000edd385d0,0x00000000ede80000)
  to   space 23552K, 0% used [0x00000000ee080000,0x00000000ee080000,0x00000000ef780000)
 ParOldGen       total 342016K, used 295667K [0x00000000c0000000, 0x00000000d4e00000, 0x00000000eab00000)
  object space 342016K, 86% used [0x00000000c0000000,0x00000000d20bcc20,0x00000000d4e00000)
 Metaspace       used 76735K, committed 78080K, reserved 1179648K
  class space    used 8164K, committed 8768K, reserved 1048576K
}
Event: 46.616 GC heap before
{Heap before GC invocations=193 (full 12):
 PSYoungGen      total 52736K, used 51425K [0x00000000eab00000, 0x00000000ef780000, 0x0000000100000000)
  eden space 28672K, 100% used [0x00000000eab00000,0x00000000ec700000,0x00000000ec700000)
  from space 24064K, 94% used [0x00000000ec700000,0x00000000edd385d0,0x00000000ede80000)
  to   space 23552K, 0% used [0x00000000ee080000,0x00000000ee080000,0x00000000ef780000)
 ParOldGen       total 342016K, used 295667K [0x00000000c0000000, 0x00000000d4e00000, 0x00000000eab00000)
  object space 342016K, 86% used [0x00000000c0000000,0x00000000d20bcc20,0x00000000d4e00000)
 Metaspace       used 77154K, committed 78528K, reserved 1179648K
  class space    used 8207K, committed 8768K, reserved 1048576K
}
Event: 46.633 GC heap after
{Heap after GC invocations=193 (full 12):
 PSYoungGen      total 43008K, used 23535K [0x00000000eab00000, 0x00000000f0e80000, 0x0000000100000000)
  eden space 19456K, 0% used [0x00000000eab00000,0x00000000eab00000,0x00000000ebe00000)
  from space 23552K, 99% used [0x00000000ee080000,0x00000000ef77beb0,0x00000000ef780000)
  to   space 35328K, 0% used [0x00000000ebe00000,0x00000000ebe00000,0x00000000ee080000)
 ParOldGen       total 342016K, used 305174K [0x00000000c0000000, 0x00000000d4e00000, 0x00000000eab00000)
  object space 342016K, 89% used [0x00000000c0000000,0x00000000d2a05bb8,0x00000000d4e00000)
 Metaspace       used 77154K, committed 78528K, reserved 1179648K
  class space    used 8207K, committed 8768K, reserved 1048576K
}

Dll operation events (12 events):
Event: 0.017 Loaded shared library c:\Users\HP\.vscode\extensions\redhat.java-1.31.0-win32-x64\jre\17.0.11-win32-x86_64\bin\java.dll
Event: 0.239 Loaded shared library c:\Users\HP\.vscode\extensions\redhat.java-1.31.0-win32-x64\jre\17.0.11-win32-x86_64\bin\zip.dll
Event: 0.243 Loaded shared library C:\Users\HP\.vscode\extensions\redhat.java-1.31.0-win32-x64\jre\17.0.11-win32-x86_64\bin\instrument.dll
Event: 0.267 Loaded shared library C:\Users\HP\.vscode\extensions\redhat.java-1.31.0-win32-x64\jre\17.0.11-win32-x86_64\bin\net.dll
Event: 0.270 Loaded shared library C:\Users\HP\.vscode\extensions\redhat.java-1.31.0-win32-x64\jre\17.0.11-win32-x86_64\bin\nio.dll
Event: 0.279 Loaded shared library C:\Users\HP\.vscode\extensions\redhat.java-1.31.0-win32-x64\jre\17.0.11-win32-x86_64\bin\zip.dll
Event: 0.308 Loaded shared library C:\Users\HP\.vscode\extensions\redhat.java-1.31.0-win32-x64\jre\17.0.11-win32-x86_64\bin\jimage.dll
Event: 0.405 Loaded shared library c:\Users\HP\.vscode\extensions\redhat.java-1.31.0-win32-x64\jre\17.0.11-win32-x86_64\bin\verify.dll
Event: 6.753 Loaded shared library C:\Users\HP\AppData\Roaming\Code\User\globalStorage\redhat.java\1.31.0\config_win\org.eclipse.equinox.launcher\org.eclipse.equinox.launcher.win32.win32.x86_64_1.2.1000.v20240507-1834\eclipse_11902.dll
Event: 19.766 Loaded shared library C:\Users\HP\AppData\Local\Temp\jna-2312\jna14514990060626682918.dll
Event: 45.092 Loaded shared library C:\Users\HP\.vscode\extensions\redhat.java-1.31.0-win32-x64\jre\17.0.11-win32-x86_64\bin\extnet.dll
Event: 45.456 Loaded shared library C:\Users\HP\.vscode\extensions\redhat.java-1.31.0-win32-x64\jre\17.0.11-win32-x86_64\bin\sunmscapi.dll

Deoptimization events (20 events):
Event: 46.536 Thread 0x00000191e2ea3110 DEOPT PACKING pc=0x00000191d46b8f08 sp=0x0000006e538feb60
Event: 46.536 Thread 0x00000191e2ea3110 DEOPT UNPACKING pc=0x00000191d3b19ea3 sp=0x0000006e538feb30 mode 2
Event: 46.536 Thread 0x00000191e2ea3110 Uncommon trap: trap_request=0xffffff45 fr.pc=0x00000191d46cfec0 relative=0x0000000000001980
Event: 46.536 Thread 0x00000191e2ea3110 Uncommon trap: reason=unstable_if action=reinterpret pc=0x00000191d46cfec0 method=org.eclipse.jdt.internal.core.search.matching.ConstructorPattern.createDeclarationIndexKey([CI[C[[C[[CI[CII)[C @ 384 c2
Event: 46.536 Thread 0x00000191e2ea3110 DEOPT PACKING pc=0x00000191d46cfec0 sp=0x0000006e538feac0
Event: 46.536 Thread 0x00000191e2ea3110 DEOPT UNPACKING pc=0x00000191d3b19ea3 sp=0x0000006e538fea10 mode 2
Event: 46.538 Thread 0x00000191e2ea3110 Uncommon trap: trap_request=0xffffff45 fr.pc=0x00000191d45c9024 relative=0x0000000000000304
Event: 46.538 Thread 0x00000191e2ea3110 Uncommon trap: reason=unstable_if action=reinterpret pc=0x00000191d45c9024 method=org.eclipse.jdt.internal.compiler.util.HashtableOfObject.putUnsafely([CLjava/lang/Object;)V @ 23 c2
Event: 46.538 Thread 0x00000191e2ea3110 DEOPT PACKING pc=0x00000191d45c9024 sp=0x0000006e538fef10
Event: 46.538 Thread 0x00000191e2ea3110 DEOPT UNPACKING pc=0x00000191d3b19ea3 sp=0x0000006e538feeb8 mode 2
Event: 46.548 Thread 0x00000191e5e0fdf0 Uncommon trap: trap_request=0xffffff45 fr.pc=0x00000191d43a5c54 relative=0x0000000000000294
Event: 46.548 Thread 0x00000191e5e0fdf0 Uncommon trap: reason=unstable_if action=reinterpret pc=0x00000191d43a5c54 method=org.eclipse.jdt.core.compiler.CharOperation.equals([C[CZ)Z @ 1 c2
Event: 46.548 Thread 0x00000191e5e0fdf0 DEOPT PACKING pc=0x00000191d43a5c54 sp=0x0000006e549fdda0
Event: 46.548 Thread 0x00000191e5e0fdf0 DEOPT UNPACKING pc=0x00000191d3b19ea3 sp=0x0000006e549fdd58 mode 2
Event: 46.674 Thread 0x00000191e5e0fdf0 DEOPT PACKING pc=0x00000191cd696f67 sp=0x0000006e549fdd10
Event: 46.674 Thread 0x00000191e5e0fdf0 DEOPT UNPACKING pc=0x00000191d3b1a9e3 sp=0x0000006e549fd130 mode 0
Event: 46.694 Thread 0x00000191e5e0fdf0 Uncommon trap: trap_request=0xffffffc6 fr.pc=0x00000191d45ed0d8 relative=0x0000000000000b78
Event: 46.694 Thread 0x00000191e5e0fdf0 Uncommon trap: reason=bimorphic_or_optimized_type_check action=maybe_recompile pc=0x00000191d45ed0d8 method=org.eclipse.jdt.internal.compiler.util.SimpleSet.add(Ljava/lang/Object;)Ljava/lang/Object; @ 7 c2
Event: 46.694 Thread 0x00000191e5e0fdf0 DEOPT PACKING pc=0x00000191d45ed0d8 sp=0x0000006e549fdff0
Event: 46.694 Thread 0x00000191e5e0fdf0 DEOPT UNPACKING pc=0x00000191d3b19ea3 sp=0x0000006e549fdf98 mode 2

Classes unloaded (17 events):
Event: 17.709 Thread 0x00000191dd736960 Unloading class 0x0000000100250400 'java/lang/invoke/LambdaForm$MH+0x0000000100250400'
Event: 17.709 Thread 0x00000191dd736960 Unloading class 0x0000000100250000 'java/lang/invoke/LambdaForm$MH+0x0000000100250000'
Event: 17.709 Thread 0x00000191dd736960 Unloading class 0x000000010024bc00 'java/lang/invoke/LambdaForm$MH+0x000000010024bc00'
Event: 17.709 Thread 0x00000191dd736960 Unloading class 0x000000010024b800 'java/lang/invoke/LambdaForm$MH+0x000000010024b800'
Event: 17.709 Thread 0x00000191dd736960 Unloading class 0x000000010024b400 'java/lang/invoke/LambdaForm$BMH+0x000000010024b400'
Event: 17.709 Thread 0x00000191dd736960 Unloading class 0x000000010024b000 'java/lang/invoke/LambdaForm$DMH+0x000000010024b000'
Event: 17.709 Thread 0x00000191dd736960 Unloading class 0x0000000100248400 'java/lang/invoke/LambdaForm$DMH+0x0000000100248400'
Event: 32.851 Thread 0x00000191dd736960 Unloading class 0x0000000100604a18 'org/springframework/tooling/jdt/ls/commons/classpath/ClasspathListenerManager$ClasspathListener'
Event: 32.851 Thread 0x00000191dd736960 Unloading class 0x0000000100604800 'org/springframework/tooling/jdt/ls/commons/BootProjectTracker'
Event: 32.851 Thread 0x00000191dd736960 Unloading class 0x000000010044d440 'org/springframework/tooling/jdt/ls/commons/Logger$1'
Event: 32.851 Thread 0x00000191dd736960 Unloading class 0x000000010044d1f8 'org/springframework/tooling/jdt/ls/commons/Logger$DefaultLogger'
Event: 32.851 Thread 0x00000191dd736960 Unloading class 0x000000010044d000 'org/springframework/tooling/jdt/ls/commons/Logger'
Event: 32.851 Thread 0x00000191dd736960 Unloading class 0x000000010044ea30 'org/springframework/tooling/jdt/ls/extension/JdtLsExtensionPlugin$$Lambda$391+0x000000010044ea30'
Event: 32.851 Thread 0x00000191dd736960 Unloading class 0x000000010044e800 'org/springframework/tooling/jdt/ls/extension/JdtLsExtensionPlugin$$Lambda$264+0x000000010044e800'
Event: 32.851 Thread 0x00000191dd736960 Unloading class 0x000000010044cc78 'org/springframework/tooling/jdt/ls/extension/JdtLsExtensionPlugin$1'
Event: 32.851 Thread 0x00000191dd736960 Unloading class 0x000000010044ca60 'org/springframework/tooling/jdt/ls/extension/JdtLsExtensionPlugin$$Lambda$256+0x000000010044ca60'
Event: 32.851 Thread 0x00000191dd736960 Unloading class 0x000000010044c800 'org/springframework/tooling/jdt/ls/extension/JdtLsExtensionPlugin'

Classes redefined (0 events):
No events

Internal exceptions (20 events):
Event: 30.165 Thread 0x00000191e5e149e0 Exception <a 'sun/nio/fs/WindowsException'{0x00000000eb3d0420}> (0x00000000eb3d0420) 
thrown [s\src\hotspot\share\prims\jni.cpp, line 516]
Event: 31.445 Thread 0x00000191e2ea2c00 Exception <a 'java/lang/NoSuchMethodError'{0x00000000eac3b998}: 'int java.lang.invoke.DirectMethodHandle$Holder.invokeStatic(java.lang.Object, java.lang.Object, java.lang.Object, int)'> (0x00000000eac3b998) 
thrown [s\src\hotspot\share\interpreter\linkResolver.cpp, line 759]
Event: 32.135 Thread 0x00000191e5e0fdf0 Exception <a 'java/lang/LinkageError'{0x00000000ebac8190}: loader lombok.launch.ShadowClassLoader @46c20bc7 attempted duplicate class definition for lombok.launch.PatchFixesHider$PatchFixes. (lombok.launch.PatchFixesHider$PatchFixes is in unnamed module of loader lombok.launch.ShadowClassLoader @46c20bc7, parent loader org.eclipse.osgi.internal.loader.EquinoxClassLoader @7515b7ee)> (0x00000000ebac8190) 
thrown [s\src\hotspot\share\classfile\systemDictionary.cpp, line 1723]
Event: 32.414 Thread 0x00000191e5e135a0 Exception <a 'java/lang/ArrayIndexOutOfBoundsException'{0x00000000eae5c010}: Index 169 out of bounds for length 168> (0x00000000eae5c010) 
thrown [s\src\hotspot\share\interpreter\interpreterRuntime.cpp, line 428]
Event: 32.479 Thread 0x00000191e5e0e9b0 Exception <a 'sun/nio/fs/WindowsException'{0x00000000eb0d6300}> (0x00000000eb0d6300) 
thrown [s\src\hotspot\share\prims\jni.cpp, line 516]
Event: 33.483 Thread 0x00000191e2ea3110 Implicit null exception at 0x00000191d444af2c to 0x00000191d444b01c
Event: 34.197 Thread 0x00000191e2ea2c00 Exception <a 'sun/nio/fs/WindowsException'{0x00000000ebaf5bd0}> (0x00000000ebaf5bd0) 
thrown [s\src\hotspot\share\prims\jni.cpp, line 516]
Event: 34.197 Thread 0x00000191e2ea2c00 Exception <a 'sun/nio/fs/WindowsException'{0x00000000ebaf63a0}> (0x00000000ebaf63a0) 
thrown [s\src\hotspot\share\prims\jni.cpp, line 516]
Event: 36.722 Thread 0x00000191e2ea3110 Implicit null exception at 0x00000191d46185e8 to 0x00000191d461c02c
Event: 37.464 Thread 0x00000191e5e149e0 Exception <a 'java/lang/NoSuchMethodError'{0x00000000eae6ec18}: 'void java.lang.invoke.DirectMethodHandle$Holder.invokeInterface(java.lang.Object, java.lang.Object)'> (0x00000000eae6ec18) 
thrown [s\src\hotspot\share\interpreter\linkResolver.cpp, line 759]
Event: 37.504 Thread 0x00000191e5e0df90 Exception <a 'java/lang/NoSuchMethodError'{0x00000000eae351d8}: 'java.lang.Object java.lang.invoke.Invokers$Holder.linkToTargetMethod(java.lang.Object, java.lang.Object, java.lang.Object, java.lang.Object, java.lang.Object, java.lang.Object, java.lang.Object)'> (0x00000000eae351d8) 
thrown [s\src\hotspot\share\interpreter\linkResolver.cpp, line 759]
Event: 37.711 Thread 0x00000191e2ea3110 Implicit null exception at 0x00000191d46505d8 to 0x00000191d4655584
Event: 42.361 Thread 0x00000191e5e149e0 Exception <a 'java/lang/NoSuchMethodError'{0x00000000ead44448}: 'java.lang.Object java.lang.invoke.DirectMethodHandle$Holder.newInvokeSpecial(java.lang.Object, java.lang.Object, int, java.lang.Object, java.lang.Object)'> (0x00000000ead44448) 
thrown [s\src\hotspot\share\interpreter\linkResolver.cpp, line 759]
Event: 42.367 Thread 0x00000191e5e149e0 Exception <a 'java/lang/NoSuchMethodError'{0x00000000eaf0ff08}: 'java.lang.Object java.lang.invoke.DirectMethodHandle$Holder.invokeSpecial(java.lang.Object, java.lang.Object, java.lang.Object, int, java.lang.Object, java.lang.Object, java.lang.Object)'> (0x00000000eaf0ff08) 
thrown [s\src\hotspot\share\interpreter\linkResolver.cpp, line 759]
Event: 42.417 Thread 0x00000191e5e149e0 Exception <a 'java/lang/NoSuchMethodError'{0x00000000eaf3a588}: 'java.lang.Object java.lang.invoke.DirectMethodHandle$Holder.invokeStatic(java.lang.Object, java.lang.Object, int, java.lang.Object, java.lang.Object)'> (0x00000000eaf3a588) 
thrown [s\src\hotspot\share\interpreter\linkResolver.cpp, line 759]
Event: 42.440 Thread 0x00000191e5e149e0 Exception <a 'java/lang/NoSuchMethodError'{0x00000000eb1e9b20}: 'void java.lang.invoke.DirectMethodHandle$Holder.invokeStatic(java.lang.Object, int)'> (0x00000000eb1e9b20) 
thrown [s\src\hotspot\share\interpreter\linkResolver.cpp, line 759]
Event: 42.495 Thread 0x00000191e5e149e0 Exception <a 'sun/nio/fs/WindowsException'{0x00000000eb0740b8}> (0x00000000eb0740b8) 
thrown [s\src\hotspot\share\prims\jni.cpp, line 516]
Event: 42.495 Thread 0x00000191e5e149e0 Exception <a 'sun/nio/fs/WindowsException'{0x00000000eb074598}> (0x00000000eb074598) 
thrown [s\src\hotspot\share\prims\jni.cpp, line 516]
Event: 42.532 Thread 0x00000191e5e149e0 Implicit null exception at 0x00000191d43d56af to 0x00000191d43d5798
Event: 43.116 Thread 0x00000191e5e149e0 Exception <a 'sun/nio/fs/WindowsException'{0x00000000eb5f7db0}> (0x00000000eb5f7db0) 
thrown [s\src\hotspot\share\prims\jni.cpp, line 516]

VM Operations (20 events):
Event: 45.755 Executing VM operation: ParallelGCFailedAllocation
Event: 46.094 Executing VM operation: ParallelGCFailedAllocation done
Event: 46.248 Executing VM operation: ParallelGCFailedAllocation
Event: 46.281 Executing VM operation: ParallelGCFailedAllocation done
Event: 46.405 Executing VM operation: ParallelGCFailedAllocation
Event: 46.418 Executing VM operation: ParallelGCFailedAllocation done
Event: 46.463 Executing VM operation: ParallelGCFailedAllocation
Event: 46.473 Executing VM operation: ParallelGCFailedAllocation done
Event: 46.516 Executing VM operation: HandshakeAllThreads
Event: 46.516 Executing VM operation: HandshakeAllThreads done
Event: 46.517 Executing VM operation: HandshakeAllThreads
Event: 46.517 Executing VM operation: HandshakeAllThreads done
Event: 46.552 Executing VM operation: HandshakeAllThreads
Event: 46.552 Executing VM operation: HandshakeAllThreads done
Event: 46.616 Executing VM operation: ParallelGCFailedAllocation
Event: 46.633 Executing VM operation: ParallelGCFailedAllocation done
Event: 46.673 Executing VM operation: HandshakeAllThreads
Event: 46.673 Executing VM operation: HandshakeAllThreads done
Event: 46.673 Executing VM operation: HandshakeAllThreads
Event: 46.673 Executing VM operation: HandshakeAllThreads done

Events (20 events):
Event: 46.686 Thread 0x00000191e29dac50 flushing nmethod 0x00000191cd175510
Event: 46.686 Thread 0x00000191e29dac50 flushing nmethod 0x00000191cd17d410
Event: 46.686 Thread 0x00000191e29dac50 flushing nmethod 0x00000191cd17fc10
Event: 46.686 Thread 0x00000191e29dac50 flushing nmethod 0x00000191cd18df90
Event: 46.688 Thread 0x00000191e29dac50 flushing nmethod 0x00000191cd27fb90
Event: 46.688 Thread 0x00000191e29dac50 flushing nmethod 0x00000191cd2bc390
Event: 46.688 Thread 0x00000191e29dac50 flushing nmethod 0x00000191cd2ead90
Event: 46.689 Thread 0x00000191e29dac50 flushing nmethod 0x00000191cd3e6890
Event: 46.689 Thread 0x00000191e29dac50 flushing nmethod 0x00000191cd435590
Event: 46.689 Thread 0x00000191e29dac50 flushing nmethod 0x00000191cd435b90
Event: 46.689 Thread 0x00000191e29dac50 flushing nmethod 0x00000191cd4daf10
Event: 46.689 Thread 0x00000191e29dac50 flushing nmethod 0x00000191cd4ddb10
Event: 46.690 Thread 0x00000191e29dac50 flushing nmethod 0x00000191cd511e10
Event: 46.690 Thread 0x00000191e29dac50 flushing nmethod 0x00000191cd5a7e10
Event: 46.690 Thread 0x00000191e29dac50 flushing nmethod 0x00000191cd61c990
Event: 46.691 Thread 0x00000191e29dac50 flushing nmethod 0x00000191cd69bb90
Event: 46.691 Thread 0x00000191e29dac50 flushing nmethod 0x00000191cd705790
Event: 46.691 Thread 0x00000191e29dac50 flushing nmethod 0x00000191cd72bb90
Event: 46.692 Thread 0x00000191e29dac50 flushing nmethod 0x00000191cd884b90
Event: 46.693 Thread 0x00000191e29dac50 flushing nmethod 0x00000191cd914e90


Dynamic libraries:
0x00007ff6c0ea0000 - 0x00007ff6c0eae000 	c:\Users\HP\.vscode\extensions\redhat.java-1.31.0-win32-x64\jre\17.0.11-win32-x86_64\bin\java.exe
0x00007ff9c0750000 - 0x00007ff9c0967000 	C:\WINDOWS\SYSTEM32\ntdll.dll
0x00007ff9bf490000 - 0x00007ff9bf554000 	C:\WINDOWS\System32\KERNEL32.DLL
0x00007ff9bdbc0000 - 0x00007ff9bdf67000 	C:\WINDOWS\System32\KERNELBASE.dll
0x00007ff9baa90000 - 0x00007ff9bab27000 	C:\WINDOWS\SYSTEM32\apphelp.dll
0x00007ff9be360000 - 0x00007ff9be471000 	C:\WINDOWS\System32\ucrtbase.dll
0x00007ff9b6790000 - 0x00007ff9b67a7000 	c:\Users\HP\.vscode\extensions\redhat.java-1.31.0-win32-x64\jre\17.0.11-win32-x86_64\bin\jli.dll
0x00007ff9be6b0000 - 0x00007ff9be85e000 	C:\WINDOWS\System32\USER32.dll
0x00007ff9be0a0000 - 0x00007ff9be0c6000 	C:\WINDOWS\System32\win32u.dll
0x00007ff9be680000 - 0x00007ff9be6a9000 	C:\WINDOWS\System32\GDI32.dll
0x00007ff9be240000 - 0x00007ff9be359000 	C:\WINDOWS\System32\gdi32full.dll
0x00007ff9bdb20000 - 0x00007ff9bdbba000 	C:\WINDOWS\System32\msvcp_win.dll
0x00007ff9b5710000 - 0x00007ff9b572b000 	c:\Users\HP\.vscode\extensions\redhat.java-1.31.0-win32-x64\jre\17.0.11-win32-x86_64\bin\VCRUNTIME140.dll
0x00007ff9a4230000 - 0x00007ff9a44c3000 	C:\WINDOWS\WinSxS\amd64_microsoft.windows.common-controls_6595b64144ccf1df_6.0.22621.3527_none_270e469b73872a76\COMCTL32.dll
0x00007ff9bfaa0000 - 0x00007ff9bfb47000 	C:\WINDOWS\System32\msvcrt.dll
0x00007ff9c06b0000 - 0x00007ff9c06e1000 	C:\WINDOWS\System32\IMM32.DLL
0x00007ff9b8ea0000 - 0x00007ff9b8eac000 	c:\Users\HP\.vscode\extensions\redhat.java-1.31.0-win32-x64\jre\17.0.11-win32-x86_64\bin\vcruntime140_1.dll
0x00007ff98ec20000 - 0x00007ff98ecad000 	c:\Users\HP\.vscode\extensions\redhat.java-1.31.0-win32-x64\jre\17.0.11-win32-x86_64\bin\msvcp140.dll
0x00007ff929b20000 - 0x00007ff92a782000 	c:\Users\HP\.vscode\extensions\redhat.java-1.31.0-win32-x64\jre\17.0.11-win32-x86_64\bin\server\jvm.dll
0x00007ff9be5c0000 - 0x00007ff9be672000 	C:\WINDOWS\System32\ADVAPI32.dll
0x00007ff9bfee0000 - 0x00007ff9bff88000 	C:\WINDOWS\System32\sechost.dll
0x00007ff9bda70000 - 0x00007ff9bda98000 	C:\WINDOWS\System32\bcrypt.dll
0x00007ff9be860000 - 0x00007ff9be975000 	C:\WINDOWS\System32\RPCRT4.dll
0x00007ff9bd930000 - 0x00007ff9bd97d000 	C:\WINDOWS\SYSTEM32\POWRPROF.dll
0x00007ff9b4900000 - 0x00007ff9b4909000 	C:\WINDOWS\SYSTEM32\WSOCK32.dll
0x00007ff9bfd30000 - 0x00007ff9bfda1000 	C:\WINDOWS\System32\WS2_32.dll
0x00007ff9b64a0000 - 0x00007ff9b64d4000 	C:\WINDOWS\SYSTEM32\WINMM.dll
0x00007ff9b4240000 - 0x00007ff9b424a000 	C:\WINDOWS\SYSTEM32\VERSION.dll
0x00007ff9bd910000 - 0x00007ff9bd923000 	C:\WINDOWS\SYSTEM32\UMPDC.dll
0x00007ff9bca50000 - 0x00007ff9bca68000 	C:\WINDOWS\SYSTEM32\kernel.appcore.dll
0x00007ff9b67e0000 - 0x00007ff9b67ea000 	c:\Users\HP\.vscode\extensions\redhat.java-1.31.0-win32-x64\jre\17.0.11-win32-x86_64\bin\jimage.dll
0x00007ff9bb0b0000 - 0x00007ff9bb2e2000 	C:\WINDOWS\SYSTEM32\DBGHELP.DLL
0x00007ff9bf710000 - 0x00007ff9bfa98000 	C:\WINDOWS\System32\combase.dll
0x00007ff9bfc50000 - 0x00007ff9bfd27000 	C:\WINDOWS\System32\OLEAUT32.dll
0x00007ff99c7a0000 - 0x00007ff99c7d2000 	C:\WINDOWS\SYSTEM32\dbgcore.DLL
0x00007ff9bdaa0000 - 0x00007ff9bdb19000 	C:\WINDOWS\System32\bcryptPrimitives.dll
0x00007ff9b66e0000 - 0x00007ff9b66ee000 	c:\Users\HP\.vscode\extensions\redhat.java-1.31.0-win32-x64\jre\17.0.11-win32-x86_64\bin\instrument.dll
0x00007ff9b56c0000 - 0x00007ff9b56e5000 	c:\Users\HP\.vscode\extensions\redhat.java-1.31.0-win32-x64\jre\17.0.11-win32-x86_64\bin\java.dll
0x00007ff9b4910000 - 0x00007ff9b4928000 	c:\Users\HP\.vscode\extensions\redhat.java-1.31.0-win32-x64\jre\17.0.11-win32-x86_64\bin\zip.dll
0x00007ff9bead0000 - 0x00007ff9bf32c000 	C:\WINDOWS\System32\SHELL32.dll
0x00007ff9bb960000 - 0x00007ff9bc256000 	C:\WINDOWS\SYSTEM32\windows.storage.dll
0x00007ff9bb820000 - 0x00007ff9bb95e000 	C:\WINDOWS\SYSTEM32\wintypes.dll
0x00007ff9bfb50000 - 0x00007ff9bfc45000 	C:\WINDOWS\System32\SHCORE.dll
0x00007ff9bfdb0000 - 0x00007ff9bfe0e000 	C:\WINDOWS\System32\shlwapi.dll
0x00007ff9bd9a0000 - 0x00007ff9bd9c1000 	C:\WINDOWS\SYSTEM32\profapi.dll
0x00007ff9a1400000 - 0x00007ff9a1419000 	C:\Users\HP\.vscode\extensions\redhat.java-1.31.0-win32-x64\jre\17.0.11-win32-x86_64\bin\net.dll
0x00007ff9b6360000 - 0x00007ff9b6496000 	C:\WINDOWS\SYSTEM32\WINHTTP.dll
0x00007ff9bcec0000 - 0x00007ff9bcf29000 	C:\WINDOWS\system32\mswsock.dll
0x00007ff99a980000 - 0x00007ff99a996000 	C:\Users\HP\.vscode\extensions\redhat.java-1.31.0-win32-x64\jre\17.0.11-win32-x86_64\bin\nio.dll
0x00007ff9b5790000 - 0x00007ff9b57a0000 	c:\Users\HP\.vscode\extensions\redhat.java-1.31.0-win32-x64\jre\17.0.11-win32-x86_64\bin\verify.dll
0x00007ff98eff0000 - 0x00007ff98f034000 	C:\Users\HP\AppData\Roaming\Code\User\globalStorage\redhat.java\1.31.0\config_win\org.eclipse.equinox.launcher\org.eclipse.equinox.launcher.win32.win32.x86_64_1.2.1000.v20240507-1834\eclipse_11902.dll
0x00007ff9bf560000 - 0x00007ff9bf705000 	C:\WINDOWS\System32\ole32.dll
0x00007ff9bd0e0000 - 0x00007ff9bd0fb000 	C:\WINDOWS\SYSTEM32\CRYPTSP.dll
0x00007ff9bc9b0000 - 0x00007ff9bc9e5000 	C:\WINDOWS\system32\rsaenh.dll
0x00007ff9bcf80000 - 0x00007ff9bcfa8000 	C:\WINDOWS\SYSTEM32\USERENV.dll
0x00007ff9bd100000 - 0x00007ff9bd10c000 	C:\WINDOWS\SYSTEM32\CRYPTBASE.dll
0x00007ff9bc500000 - 0x00007ff9bc52d000 	C:\WINDOWS\SYSTEM32\IPHLPAPI.DLL
0x00007ff9c04c0000 - 0x00007ff9c04c9000 	C:\WINDOWS\System32\NSI.dll
0x00007ff9b6110000 - 0x00007ff9b6129000 	C:\WINDOWS\SYSTEM32\dhcpcsvc6.DLL
0x00007ff9b60f0000 - 0x00007ff9b610f000 	C:\WINDOWS\SYSTEM32\dhcpcsvc.DLL
0x00007ff9bc530000 - 0x00007ff9bc628000 	C:\WINDOWS\SYSTEM32\DNSAPI.dll
0x00007ff98b470000 - 0x00007ff98b4b5000 	C:\Users\HP\AppData\Local\Temp\jna-2312\jna14514990060626682918.dll
0x00007ff9bff90000 - 0x00007ff9bff98000 	C:\WINDOWS\System32\PSAPI.DLL
0x00007ff9b4250000 - 0x00007ff9b425a000 	C:\Windows\System32\rasadhlp.dll
0x00007ff9b50b0000 - 0x00007ff9b5133000 	C:\WINDOWS\System32\fwpuclnt.dll
0x00007ff9b8e80000 - 0x00007ff9b8e89000 	C:\Users\HP\.vscode\extensions\redhat.java-1.31.0-win32-x64\jre\17.0.11-win32-x86_64\bin\extnet.dll
0x00007ff9b5570000 - 0x00007ff9b557e000 	C:\Users\HP\.vscode\extensions\redhat.java-1.31.0-win32-x64\jre\17.0.11-win32-x86_64\bin\sunmscapi.dll
0x00007ff9be0d0000 - 0x00007ff9be238000 	C:\WINDOWS\System32\CRYPT32.dll
0x00007ff9bd320000 - 0x00007ff9bd34e000 	C:\WINDOWS\SYSTEM32\ncrypt.dll
0x00007ff9bd2e0000 - 0x00007ff9bd317000 	C:\WINDOWS\SYSTEM32\NTASN1.dll

dbghelp: loaded successfully - version: 4.0.5 - missing functions: none
symbol engine: initialized successfully - sym options: 0x614 - pdb path: .;c:\Users\HP\.vscode\extensions\redhat.java-1.31.0-win32-x64\jre\17.0.11-win32-x86_64\bin;C:\WINDOWS\SYSTEM32;C:\WINDOWS\WinSxS\amd64_microsoft.windows.common-controls_6595b64144ccf1df_6.0.22621.3527_none_270e469b73872a76;c:\Users\HP\.vscode\extensions\redhat.java-1.31.0-win32-x64\jre\17.0.11-win32-x86_64\bin\server;C:\Users\HP\AppData\Roaming\Code\User\globalStorage\redhat.java\1.31.0\config_win\org.eclipse.equinox.launcher\org.eclipse.equinox.launcher.win32.win32.x86_64_1.2.1000.v20240507-1834;C:\Users\HP\AppData\Local\Temp\jna-2312

VM Arguments:
jvm_args: --add-modules=ALL-SYSTEM --add-opens=java.base/java.util=ALL-UNNAMED --add-opens=java.base/java.lang=ALL-UNNAMED --add-opens=java.base/sun.nio.fs=ALL-UNNAMED -Declipse.application=org.eclipse.jdt.ls.core.id1 -Dosgi.bundles.defaultStartLevel=4 -Declipse.product=org.eclipse.jdt.ls.core.product -Djava.import.generatesMetadataFilesAtProjectRoot=false -DDetectVMInstallationsJob.disabled=true -Dfile.encoding=utf8 -XX:+UseParallelGC -XX:GCTimeRatio=4 -XX:AdaptiveSizePolicyWeight=90 -Dsun.zip.disableMemoryMapping=true -Xmx1G -Xms100m -Xlog:disable -javaagent:c:\Users\HP\.vscode\extensions\redhat.java-1.31.0-win32-x64\lombok\lombok-1.18.32.jar -XX:+HeapDumpOnOutOfMemoryError -XX:HeapDumpPath=c:\Users\HP\AppData\Roaming\Code\User\workspaceStorage\6c4af391305f4dcc1adbee4e9be310ea\redhat.java -Daether.dependencyCollector.impl=bf 
java_command: c:\Users\HP\.vscode\extensions\redhat.java-1.31.0-win32-x64\server\plugins\org.eclipse.equinox.launcher_1.6.800.v20240513-1750.jar -configuration c:\Users\HP\AppData\Roaming\Code\User\globalStorage\redhat.java\1.31.0\config_win -data c:\Users\HP\AppData\Roaming\Code\User\workspaceStorage\6c4af391305f4dcc1adbee4e9be310ea\redhat.java\jdt_ws --pipe=\\.\pipe\lsp-d3437532cfc8d4697c2ce6f31977bd5e-sock
java_class_path (initial): c:\Users\HP\.vscode\extensions\redhat.java-1.31.0-win32-x64\server\plugins\org.eclipse.equinox.launcher_1.6.800.v20240513-1750.jar
Launcher Type: SUN_STANDARD

[Global flags]
    uintx AdaptiveSizePolicyWeight                 = 90                                        {product} {command line}
     intx CICompilerCount                          = 3                                         {product} {ergonomic}
    uintx GCTimeRatio                              = 4                                         {product} {command line}
     bool HeapDumpOnOutOfMemoryError               = true                                   {manageable} {command line}
    ccstr HeapDumpPath                             = c:\Users\HP\AppData\Roaming\Code\User\workspaceStorage\6c4af391305f4dcc1adbee4e9be310ea\redhat.java         {manageable} {command line}
   size_t InitialHeapSize                          = 104857600                                 {product} {command line}
   size_t MaxHeapSize                              = 1073741824                                {product} {command line}
   size_t MaxNewSize                               = 357564416                                 {product} {ergonomic}
   size_t MinHeapDeltaBytes                        = 524288                                    {product} {ergonomic}
   size_t MinHeapSize                              = 104857600                                 {product} {command line}
   size_t NewSize                                  = 34603008                                  {product} {ergonomic}
    uintx NonNMethodCodeHeapSize                   = 5832780                                {pd product} {ergonomic}
    uintx NonProfiledCodeHeapSize                  = 122912730                              {pd product} {ergonomic}
   size_t OldSize                                  = 70254592                                  {product} {ergonomic}
    uintx ProfiledCodeHeapSize                     = 122912730                              {pd product} {ergonomic}
    uintx ReservedCodeCacheSize                    = 251658240                              {pd product} {ergonomic}
     bool SegmentedCodeCache                       = true                                      {product} {ergonomic}
   size_t SoftMaxHeapSize                          = 1073741824                             {manageable} {ergonomic}
     bool UseCompressedClassPointers               = true                           {product lp64_product} {ergonomic}
     bool UseCompressedOops                        = true                           {product lp64_product} {ergonomic}
     bool UseLargePagesIndividualAllocation        = false                                  {pd product} {ergonomic}
     bool UseParallelGC                            = true                                      {product} {command line}

Logging:
Log output configuration:
 #0: stdout all=off uptime,level,tags
 #1: stderr all=off uptime,level,tags

Environment Variables:
JAVA_HOME=C:\Users\HP\AppData\Local\Programs\Eclipse Adoptium\jdk-17.0.7.7-hotspot\
PATH=C:\Program Files (x86)\Common Files\Oracle\Java\java8path;C:\Program Files (x86)\Common Files\Oracle\Java\javapath;C:\WINDOWS\system32;C:\WINDOWS;C:\WINDOWS\System32\Wbem;C:\WINDOWS\System32\WindowsPowerShell\v1.0\;C:\WINDOWS\System32\OpenSSH\;C:\Program Files\nodejs\;C:\Program Files (x86)\Java\jre-1.8\bin;C:\Users\HP\Downloads\gradle-8.1.1-bin\gradle-8.1.1\bin;C:\Program Files\Git\cmd;C:\Users\HP\AppData\Local\Programs\Eclipse Adoptium\jdk-17.0.7.7-hotspot\bin;C:\Users\HP\AppData\Local\Microsoft\WindowsApps;C:\Users\HP\AppData\Local\Programs\Microsoft VS Code\bin;C:\MinGW\bin;D:\iverilog\bin;D:\iverilog\gtkwave\bin;C:\Users\HP\AppData\Roaming\npm;C:\Program Files\7-Zip;
USERNAME=HP
OS=Windows_NT
PROCESSOR_IDENTIFIER=Intel64 Family 6 Model 126 Stepping 5, GenuineIntel
TMP=C:\Users\HP\AppData\Local\Temp
TEMP=C:\Users\HP\AppData\Local\Temp



Periodic native trim disabled


---------------  S Y S T E M  ---------------

OS:
 Windows 11 , 64 bit Build 22621 (10.0.22621.3527)
OS uptime: 9 days 3:47 hours
Hyper-V role detected

CPU: total 4 (initial active 4) (2 cores per cpu, 2 threads per core) family 6 model 126 stepping 5 microcode 0xbc, cx8, cmov, fxsr, ht, mmx, 3dnowpref, sse, sse2, sse3, ssse3, sse4.1, sse4.2, popcnt, lzcnt, tsc, tscinvbit, avx, avx2, aes, erms, clmul, bmi1, bmi2, adx, avx512f, avx512dq, avx512cd, avx512bw, avx512vl, sha, fma, vzeroupper, avx512_vpopcntdq, avx512_vpclmulqdq, avx512_vaes, avx512_vnni, clflush, clflushopt, avx512_vbmi2, avx512_vbmi, hv
Processor Information for all 4 processors :
  Max Mhz: 1201, Current Mhz: 1201, Mhz Limit: 1201

Memory: 4k page, system-wide physical 7879M (330M free)
TotalPageFile size 32455M (AvailPageFile size 1M)
current process WorkingSet (physical memory assigned to process): 666M, peak: 666M
current process commit charge ("private bytes"): 654M, peak: 654M

vm_info: OpenJDK 64-Bit Server VM (17.0.11+9) for windows-amd64 JRE (17.0.11+9), built on Apr 17 2024 06:07:48 by "admin" with MS VC++ 16.10 / 16.11 (VS2019)

END.
